1647985351543	geckodriver	INFO	Listening on 127.0.0.1:50222
1647985352018	mozrunner::runner	INFO	Running command: "/Applications/Firefox.app/Contents/MacOS/firefox-bin" "--marionette" "--remote-debugging-port" "50223" "-foreground" "-no-remote" "-profile" "/var/folders/r3/fwypq2mn4f14x5qy_zqr6g340000gn/T/rust_mozprofileq7G2Un"
1647985352744	Marionette	INFO	Marionette enabled
console.warn: SearchSettings: "get: No settings file exists, new profile?" (new NotFoundError("Could not open the file at /var/folders/r3/fwypq2mn4f14x5qy_zqr6g340000gn/T/rust_mozprofileq7G2Un/search.json.mozlz4", (void 0)))
console.error: BackgroundUpdate: 
  _reasonsToNotScheduleUpdates: Failed to check for Maintenance Service Registry Key: [Exception... "Component returned failure code: 0x80004001 (NS_ERROR_NOT_IMPLEMENTED) [nsIUpdateProcessor.getServiceRegKeyExists]"  nsresult: "0x80004001 (NS_ERROR_NOT_IMPLEMENTED)"  location: "JS frame :: resource://gre/modules/BackgroundUpdate.jsm :: _reasonsToNotScheduleUpdates :: line 241"  data: no]
DevTools listening on ws://localhost:50223/devtools/browser/6fa37254-0684-4356-8c3d-3c9733091636
1647985355487	Marionette	INFO	Listening on port 50230
1647985355611	RemoteAgent	WARN	TLS certificate errors will be ignored for this session
Exiting due to channel error.
[GFX1-]: Receive IPC close with reason=AbnormalShutdown
Exiting due to channel error.
[GFX1-]: Receive IPC close with reason=AbnormalShutdown
Exiting due to channel error.
1647986923956	geckodriver	INFO	Listening on 127.0.0.1:50483
1647986924495	mozrunner::runner	INFO	Running command: "/Applications/Firefox.app/Contents/MacOS/firefox-bin" "--marionette" "--remote-debugging-port" "50484" "-foreground" "-no-remote" "-profile" "/var/folders/r3/fwypq2mn4f14x5qy_zqr6g340000gn/T/rust_mozprofileQNW4ux"
1647986925251	Marionette	INFO	Marionette enabled
console.warn: SearchSettings: "get: No settings file exists, new profile?" (new NotFoundError("Could not open the file at /var/folders/r3/fwypq2mn4f14x5qy_zqr6g340000gn/T/rust_mozprofileQNW4ux/search.json.mozlz4", (void 0)))
console.error: BackgroundUpdate: 
  _reasonsToNotScheduleUpdates: Failed to check for Maintenance Service Registry Key: [Exception... "Component returned failure code: 0x80004001 (NS_ERROR_NOT_IMPLEMENTED) [nsIUpdateProcessor.getServiceRegKeyExists]"  nsresult: "0x80004001 (NS_ERROR_NOT_IMPLEMENTED)"  location: "JS frame :: resource://gre/modules/BackgroundUpdate.jsm :: _reasonsToNotScheduleUpdates :: line 241"  data: no]
DevTools listening on ws://localhost:50484/devtools/browser/1446a6c9-455d-455e-ac52-7f5c267b1cd3
1647986928419	Marionette	INFO	Listening on port 50491
1647986928475	RemoteAgent	WARN	TLS certificate errors will be ignored for this session
1647987228629	geckodriver	INFO	Listening on 127.0.0.1:50638
1647987229182	mozrunner::runner	INFO	Running command: "/Applications/Firefox.app/Contents/MacOS/firefox-bin" "--marionette" "--remote-debugging-port" "50639" "-foreground" "-no-remote" "-profile" "/var/folders/r3/fwypq2mn4f14x5qy_zqr6g340000gn/T/rust_mozprofile5LzU0z"
1647987229770	Marionette	INFO	Marionette enabled
console.warn: SearchSettings: "get: No settings file exists, new profile?" (new NotFoundError("Could not open the file at /var/folders/r3/fwypq2mn4f14x5qy_zqr6g340000gn/T/rust_mozprofile5LzU0z/search.json.mozlz4", (void 0)))
console.error: BackgroundUpdate: 
  _reasonsToNotScheduleUpdates: Failed to check for Maintenance Service Registry Key: [Exception... "Component returned failure code: 0x80004001 (NS_ERROR_NOT_IMPLEMENTED) [nsIUpdateProcessor.getServiceRegKeyExists]"  nsresult: "0x80004001 (NS_ERROR_NOT_IMPLEMENTED)"  location: "JS frame :: resource://gre/modules/BackgroundUpdate.jsm :: _reasonsToNotScheduleUpdates :: line 241"  data: no]
DevTools listening on ws://localhost:50639/devtools/browser/e500faae-7081-4776-8d39-07b0c4f23973
1647987232003	Marionette	INFO	Listening on port 50646
1647987232118	RemoteAgent	WARN	TLS certificate errors will be ignored for this session
1647987345007	Marionette	WARN	TimedPromise timed out after 500 ms: stacktrace:
TimedPromise/<@chrome://remote/content/marionette/sync.js:235:19
TimedPromise@chrome://remote/content/marionette/sync.js:220:10
interaction.flushEventLoop@chrome://remote/content/marionette/interaction.js:431:10
webdriverClickElement@chrome://remote/content/marionette/interaction.js:179:31
1647987453674	Marionette	WARN	TimedPromise timed out after 500 ms: stacktrace:
TimedPromise/<@chrome://remote/content/marionette/sync.js:235:19
TimedPromise@chrome://remote/content/marionette/sync.js:220:10
interaction.flushEventLoop@chrome://remote/content/marionette/interaction.js:431:10
webdriverClickElement@chrome://remote/content/marionette/interaction.js:179:31
JavaScript warning: https://www.amazon.fr/dp/B002N6859M?aaxitk=7cd1cf0930a98a743d684c1bee69dbe0&ref=dacx_dp_592165595214758008_579088273186004589 line 8498 > injectedScript, line 1: WEBGL_debug_renderer_info is deprecated in Firefox and will be removed. Please use RENDERER.
JavaScript error: https://m.media-amazon.com/images/S/sash/DAZxaPhwiFw$RWa.js, line 3: TypeError: f is undefined
JavaScript error: https://m.media-amazon.com/images/S/sash/DAZxaPhwiFw$RWa.js, line 3: TypeError: f is undefined
2022-03-22 23:18:15.033 firefox-bin[3209:173982] TSM AdjustCapsLockLEDForKeyTransitionHandling - _ISSetPhysicalKeyboardCapsLockLED Inhibit
Exiting due to channel error.
Exiting due to channel error.
Exiting due to channel error.
[Child 3211, MediaDecoderStateMachine #1] WARNING: 114631a40 Could not set cubeb stream name.: file /builds/worker/checkouts/gecko/dom/media/AudioStream.cpp:330
JavaScript error: resource://devtools/server/actors/utils/sources-manager.js, line 436: TypeError: channel is null
JavaScript error: resource://devtools/server/actors/utils/sources-manager.js, line 436: TypeError: channel is null
JavaScript error: resource://devtools/server/actors/utils/sources-manager.js, line 436: TypeError: channel is null
[Child 3251, MediaDecoderStateMachine #1] WARNING: 12490bbb0 Could not set cubeb stream name.: file /builds/worker/checkouts/gecko/dom/media/AudioStream.cpp:330
[Child 3251, MediaDecoderStateMachine #1] WARNING: 1192c61a0 Could not set cubeb stream name.: file /builds/worker/checkouts/gecko/dom/media/AudioStream.cpp:330
[Child 3251, MediaDecoderStateMachine #1] WARNING: 1192c61a0 Could not set cubeb stream name.: file /builds/worker/checkouts/gecko/dom/media/AudioStream.cpp:330

###!!! [Child][PContentChild] Error: RunMessage(msgname=PContent::Reply_DiscardBrowsingContext) Channel closing: too late to send/recv, messages will be lost


###!!! [Child][PContentChild] Error: RunMessage(msgname=PContent::Reply_DiscardBrowsingContext) Channel closing: too late to send/recv, messages will be lost


###!!! [Child][PContentChild] Error: RunMessage(msgname=PContent::Reply_DiscardBrowsingContext) Channel closing: too late to send/recv, messages will be lost


###!!! [Child][PContentChild] Error: RunMessage(msgname=PContent::Reply_DiscardBrowsingContext) Channel closing: too late to send/recv, messages will be lost


###!!! [Child][PContentChild] Error: RunMessage(msgname=PContent::Reply_DiscardBrowsingContext) Channel closing: too late to send/recv, messages will be lost


###!!! [Child][PContentChild] Error: RunMessage(msgname=PContent::Reply_DiscardBrowsingContext) Channel closing: too late to send/recv, messages will be lost


###!!! [Child][PContentChild] Error: RunMessage(msgname=PContent::Reply_DiscardBrowsingContext) Channel closing: too late to send/recv, messages will be lost


###!!! [Child][PContentChild] Error: RunMessage(msgname=PContent::Reply_DiscardBrowsingContext) Channel closing: too late to send/recv, messages will be lost


###!!! [Child][PContentChild] Error: RunMessage(msgname=PContent::Reply_DiscardBrowsingContext) Channel closing: too late to send/recv, messages will be lost


###!!! [Child][PContentChild] Error: RunMessage(msgname=PContent::Msg_DestroyBrowsingContextGroup) Channel closing: too late to send/recv, messages will be lost


###!!! [Child][PContentChild] Error: RunMessage(msgname=PContent::Reply_DiscardBrowsingContext) Channel closing: too late to send/recv, messages will be lost

JavaScript error: https://www.airnow.gov/sites/default/files/js/js_wMVNYcjpUu6ucKjs5y98Fx4NbCy20uiz72RAKy81AXQ.js, line 5794: TypeError: city.replace is not a function
JavaScript error: https://www.airnow.gov/sites/default/files/js/js_wMVNYcjpUu6ucKjs5y98Fx4NbCy20uiz72RAKy81AXQ.js, line 5461: TypeError: allReportingArea[0] is undefined
JavaScript error: https://static.arcgis.com/attribution/World_Imagery?callback=window._EsriLeafletCallbacks.c0&f=json, line 1: SyntaxError: unexpected token: ':'
JavaScript error: https://www.airnow.gov/sites/default/files/js/js_wMVNYcjpUu6ucKjs5y98Fx4NbCy20uiz72RAKy81AXQ.js, line 7099: SyntaxError: JSON.parse: unexpected character at line 1 column 2 of the JSON data
[Child 3251, MediaDecoderStateMachine #4] WARNING: 1192c61a0 Could not set cubeb stream name.: file /builds/worker/checkouts/gecko/dom/media/AudioStream.cpp:330
JavaScript warning: https://pagead2.googlesyndication.com/bg/c9SOW3fm-cIOlp3tvRsibzkEuEO1MqMyQpfRRVluBWQ.js line 1 > eval line 5384 > eval line 1 > eval line 1 > eval, line 1: WEBGL_debug_renderer_info is deprecated in Firefox and will be removed. Please use RENDERER.
JavaScript error: https://www.airnow.gov/sites/default/files/js/js_wMVNYcjpUu6ucKjs5y98Fx4NbCy20uiz72RAKy81AXQ.js, line 5794: TypeError: city.replace is not a function
JavaScript error: , line 0: NotFoundError: No such JSWindowActor 'DevToolsFrame'
JavaScript error: , line 0: NotFoundError: No such JSWindowActor 'DevToolsFrame'
JavaScript error: , line 0: NotFoundError: No such JSWindowActor 'DevToolsFrame'
JavaScript error: , line 0: NotFoundError: No such JSWindowActor 'DevToolsFrame'
JavaScript error: , line 0: NotFoundError: No such JSWindowActor 'DevToolsFrame'
JavaScript error: , line 0: NotFoundError: No such JSWindowActor 'DevToolsFrame'
JavaScript error: , line 0: NotFoundError: No such JSWindowActor 'DevToolsFrame'
JavaScript error: , line 0: NotFoundError: No such JSWindowActor 'DevToolsFrame'
JavaScript error: , line 0: NotFoundError: No such JSWindowActor 'DevToolsFrame'
JavaScript warning: http://aqicn.org/jscripts-static/leaflet-gl/buildx/prod/vendors~map-markers.6250ee18bece72a0177d.js, line 1: WebGL context was lost.
JavaScript warning: http://aqicn.org/jscripts-static/leaflet-gl/buildx/prod/vendors~map-markers.6250ee18bece72a0177d.js, line 1: WebGL context was lost.
JavaScript error: http://aqicn.org/jscripts-static/leaflet-gl/buildx/prod/vendors~map-markers.6250ee18bece72a0177d.js, line 24: SecurityError: The operation is insecure.
JavaScript warning: , line 0: WebGL warning: tex(Sub)Image[23]D: Cross-origin elements require CORS.
console.warn: LoginHelper(Content): "Couldn't parse origin for" "about:blank" ({})
JavaScript warning: https://pagead2.googlesyndication.com/bg/c9SOW3fm-cIOlp3tvRsibzkEuEO1MqMyQpfRRVluBWQ.js line 1 > eval line 3682 > eval line 1 > eval line 1 > eval, line 1: WEBGL_debug_renderer_info is deprecated in Firefox and will be removed. Please use RENDERER.
JavaScript warning: https://aqicn.org/jscripts-static/leaflet-gl/buildx/prod/vendors~map-markers.6250ee18bece72a0177d.js, line 1: WebGL context was lost.
JavaScript warning: https://aqicn.org/jscripts-static/leaflet-gl/buildx/prod/vendors~map-markers.6250ee18bece72a0177d.js, line 1: WebGL context was lost.
console.warn: LoginHelper(Content): "Couldn't parse origin for" "about:blank" ({})
JavaScript warning: https://pagead2.googlesyndication.com/bg/c9SOW3fm-cIOlp3tvRsibzkEuEO1MqMyQpfRRVluBWQ.js line 1 > eval line 4625 > eval line 1 > eval line 1 > eval, line 1: WEBGL_debug_renderer_info is deprecated in Firefox and will be removed. Please use RENDERER.
2022-03-23 00:09:04.098 firefox-bin[3209:173982] NSVisualEffectView subclass says YES to allowsVibrancy. NSVisualEffectView does not support being vibrantly blended *itself*. This may break in the future.
JavaScript error: https://cdn.optimizely.com/js/3747760300.js, line 6: TypeError: $ is not a function
JavaScript error: , line 0: TypeError: NetworkError when attempting to fetch resource.
JavaScript error: , line 0: TypeError: NetworkError when attempting to fetch resource.
JavaScript error: , line 0: TypeError: NetworkError when attempting to fetch resource.
JavaScript warning: https://tableau-public.discomap.eea.europa.eu/vizql/v_202042102171203/javascripts/vqlweb.js, line 79: unreachable code after return statement
JavaScript warning: https://tableau-public.discomap.eea.europa.eu/vizql/v_202042102171203/javascripts/vqlweb.js, line 79: WEBGL_debug_renderer_info is deprecated in Firefox and will be removed. Please use RENDERER.
JavaScript error: https://airindex.eea.europa.eu/Map/AQI/Viewer/script/map-mb.js, line 208: TypeError: map is null
JavaScript warning: , line 0: WebGL warning: texImage: Alpha-premult and y-flip are deprecated for non-DOM-Element uploads.
JavaScript warning: , line 0: WebGL warning: texImage: Alpha-premult and y-flip are deprecated for non-DOM-Element uploads.
JavaScript warning: , line 0: WebGL warning: texImage: Alpha-premult and y-flip are deprecated for non-DOM-Element uploads.
JavaScript warning: , line 0: WebGL warning: texImage: Alpha-premult and y-flip are deprecated for non-DOM-Element uploads.
JavaScript warning: , line 0: WebGL warning: texImage: Alpha-premult and y-flip are deprecated for non-DOM-Element uploads.
JavaScript warning: , line 0: WebGL warning: texImage: Alpha-premult and y-flip are deprecated for non-DOM-Element uploads.
JavaScript warning: , line 0: WebGL warning: texImage: Alpha-premult and y-flip are deprecated for non-DOM-Element uploads.
JavaScript warning: , line 0: WebGL warning: texImage: Alpha-premult and y-flip are deprecated for non-DOM-Element uploads.
JavaScript warning: , line 0: WebGL warning: texImage: Alpha-premult and y-flip are deprecated for non-DOM-Element uploads.
JavaScript warning: , line 0: WebGL warning: texImage: Alpha-premult and y-flip are deprecated for non-DOM-Element uploads.
JavaScript warning: , line 0: WebGL warning: texImage: Alpha-premult and y-flip are deprecated for non-DOM-Element uploads.
JavaScript warning: , line 0: WebGL warning: texImage: Alpha-premult and y-flip are deprecated for non-DOM-Element uploads.
JavaScript warning: , line 0: WebGL warning: texImage: Alpha-premult and y-flip are deprecated for non-DOM-Element uploads.
JavaScript warning: , line 0: WebGL warning: texImage: Alpha-premult and y-flip are deprecated for non-DOM-Element uploads.
JavaScript warning: , line 0: WebGL warning: texImage: Alpha-premult and y-flip are deprecated for non-DOM-Element uploads.
JavaScript warning: , line 0: WebGL warning: texImage: Alpha-premult and y-flip are deprecated for non-DOM-Element uploads.
JavaScript warning: , line 0: WebGL warning: texImage: Alpha-premult and y-flip are deprecated for non-DOM-Element uploads.
JavaScript warning: , line 0: WebGL warning: texImage: Alpha-premult and y-flip are deprecated for non-DOM-Element uploads.
JavaScript warning: , line 0: WebGL warning: texImage: Alpha-premult and y-flip are deprecated for non-DOM-Element uploads.
JavaScript warning: , line 0: WebGL warning: texImage: Alpha-premult and y-flip are deprecated for non-DOM-Element uploads.
JavaScript warning: , line 0: WebGL warning: texImage: Alpha-premult and y-flip are deprecated for non-DOM-Element uploads.
JavaScript warning: , line 0: WebGL warning: texImage: Alpha-premult and y-flip are deprecated for non-DOM-Element uploads.
JavaScript warning: , line 0: WebGL warning: texImage: Alpha-premult and y-flip are deprecated for non-DOM-Element uploads.
JavaScript warning: , line 0: WebGL warning: texImage: Alpha-premult and y-flip are deprecated for non-DOM-Element uploads.
JavaScript warning: , line 0: WebGL warning: texImage: Alpha-premult and y-flip are deprecated for non-DOM-Element uploads.
JavaScript warning: , line 0: WebGL warning: texImage: Alpha-premult and y-flip are deprecated for non-DOM-Element uploads.
JavaScript warning: , line 0: WebGL warning: texImage: Alpha-premult and y-flip are deprecated for non-DOM-Element uploads.
JavaScript warning: , line 0: WebGL warning: texImage: Alpha-premult and y-flip are deprecated for non-DOM-Element uploads.
JavaScript warning: , line 0: WebGL warning: texImage: Alpha-premult and y-flip are deprecated for non-DOM-Element uploads.
JavaScript warning: , line 0: WebGL warning: texImage: Alpha-premult and y-flip are deprecated for non-DOM-Element uploads.
JavaScript warning: , line 0: WebGL warning: texImage: Alpha-premult and y-flip are deprecated for non-DOM-Element uploads.
JavaScript warning: , line 0: WebGL warning: texImage: Alpha-premult and y-flip are deprecated for non-DOM-Element uploads.
JavaScript warning: , line 0: After reporting 32, no further warnings will be reported for this WebGL context.
JavaScript warning: , line 0: WebGL warning: texImage: Alpha-premult and y-flip are deprecated for non-DOM-Element uploads.
JavaScript warning: , line 0: WebGL warning: texImage: Alpha-premult and y-flip are deprecated for non-DOM-Element uploads.
JavaScript warning: , line 0: WebGL warning: texImage: Alpha-premult and y-flip are deprecated for non-DOM-Element uploads.
JavaScript warning: , line 0: WebGL warning: texImage: Alpha-premult and y-flip are deprecated for non-DOM-Element uploads.
JavaScript warning: https://aqicn.org/jscripts-static/leaflet-gl/buildx/prod/vendors~map-markers.6250ee18bece72a0177d.js, line 1: WebGL context was lost.
JavaScript warning: https://aqicn.org/jscripts-static/leaflet-gl/buildx/prod/vendors~map-markers.6250ee18bece72a0177d.js, line 1: WebGL context was lost.
JavaScript warning: https://pagead2.googlesyndication.com/bg/c9SOW3fm-cIOlp3tvRsibzkEuEO1MqMyQpfRRVluBWQ.js line 1 > eval line 3235 > eval line 1 > eval line 1 > eval, line 1: WEBGL_debug_renderer_info is deprecated in Firefox and will be removed. Please use RENDERER.
console.warn: LoginHelper(Content): "Couldn't parse origin for" "about:blank" ({})
console.warn: LoginRecipes: "getRecipes: falling back to a synchronous message for:" "https://www.eea.europa.eu"
console.warn: LoginRecipes: "getRecipes: falling back to a synchronous message for:" "https://www.eea.europa.eu"
console.warn: LoginRecipes: "getRecipes: falling back to a synchronous message for:" "https://www.eea.europa.eu"
console.warn: LoginRecipes: "getRecipes: falling back to a synchronous message for:" "https://www.eea.europa.eu"
console.warn: LoginRecipes: "getRecipes: falling back to a synchronous message for:" "https://www.eea.europa.eu"
console.warn: LoginRecipes: "getRecipes: falling back to a synchronous message for:" "https://www.google.com"
console.warn: LoginRecipes: "getRecipes: falling back to a synchronous message for:" "https://www.oecd.org"
console.warn: LoginRecipes: "getRecipes: falling back to a synchronous message for:" "https://www.oecd.org"
console.warn: LoginRecipes: "getRecipes: falling back to a synchronous message for:" "https://www.oecd.org"
console.warn: LoginRecipes: "getRecipes: falling back to a synchronous message for:" "https://www.google.com"
console.warn: LoginRecipes: "getRecipes: falling back to a synchronous message for:" "https://www.google.com"
JavaScript error: , line 0: TypeError: NetworkError when attempting to fetch resource.
JavaScript error: https://adserver.adotmob.com/common/js/admc.js, line 1: ReferenceError: __t__ is not defined
JavaScript warning: https://pagead2.googlesyndication.com/bg/c9SOW3fm-cIOlp3tvRsibzkEuEO1MqMyQpfRRVluBWQ.js line 1 > eval line 299 > eval line 1 > eval line 1 > eval, line 1: WEBGL_debug_renderer_info is deprecated in Firefox and will be removed. Please use RENDERER.
JavaScript warning: https://pagead2.googlesyndication.com/bg/c9SOW3fm-cIOlp3tvRsibzkEuEO1MqMyQpfRRVluBWQ.js line 1 > eval line 4807 > eval line 1 > eval line 1 > eval, line 1: WEBGL_debug_renderer_info is deprecated in Firefox and will be removed. Please use RENDERER.
JavaScript error: , line 0: TypeError: NetworkError when attempting to fetch resource.
JavaScript error: , line 0: TypeError: NetworkError when attempting to fetch resource.
JavaScript error: , line 0: TypeError: NetworkError when attempting to fetch resource.
JavaScript error: , line 0: TypeError: NetworkError when attempting to fetch resource.
console.warn: LoginRecipes: "getRecipes: falling back to a synchronous message for:" "https://www.google.com"
console.warn: LoginRecipes: "getRecipes: falling back to a synchronous message for:" "https://www.google.com"
console.warn: LoginRecipes: "getRecipes: falling back to a synchronous message for:" "https://www.cleanairfund.org"
console.warn: LoginRecipes: "getRecipes: falling back to a synchronous message for:" "https://www.cleanairfund.org"
console.warn: LoginRecipes: "getRecipes: falling back to a synchronous message for:" "https://www.cleanairfund.org"
console.warn: LoginRecipes: "getRecipes: falling back to a synchronous message for:" "https://www.cleanairfund.org"
console.warn: LoginRecipes: "getRecipes: falling back to a synchronous message for:" "https://www.cleanairfund.org"
console.warn: LoginRecipes: "getRecipes: falling back to a synchronous message for:" "https://www.cleanairfund.org"
console.warn: LoginRecipes: "getRecipes: falling back to a synchronous message for:" "https://www.cleanairfund.org"
console.warn: LoginRecipes: "getRecipes: falling back to a synchronous message for:" "https://www.cleanairfund.org"
console.warn: LoginRecipes: "getRecipes: falling back to a synchronous message for:" "https://www.cleanairfund.org"
console.warn: LoginRecipes: "getRecipes: falling back to a synchronous message for:" "https://www.cleanairfund.org"
console.warn: LoginRecipes: "getRecipes: falling back to a synchronous message for:" "https://www.cleanairfund.org"
console.warn: LoginRecipes: "getRecipes: falling back to a synchronous message for:" "https://www.cleanairfund.org"
console.warn: LoginRecipes: "getRecipes: falling back to a synchronous message for:" "https://www.cleanairfund.org"
console.warn: LoginRecipes: "getRecipes: falling back to a synchronous message for:" "https://www.cleanairfund.org"
console.warn: LoginRecipes: "getRecipes: falling back to a synchronous message for:" "https://www.cleanairfund.org"
console.warn: LoginRecipes: "getRecipes: falling back to a synchronous message for:" "https://www.cleanairfund.org"
console.warn: LoginRecipes: "getRecipes: falling back to a synchronous message for:" "https://www.cleanairfund.org"
console.warn: LoginRecipes: "getRecipes: falling back to a synchronous message for:" "https://www.cleanairfund.org"
console.warn: LoginRecipes: "getRecipes: falling back to a synchronous message for:" "https://www.cleanairfund.org"
console.warn: LoginRecipes: "getRecipes: falling back to a synchronous message for:" "https://www.cleanairfund.org"
console.warn: LoginRecipes: "getRecipes: falling back to a synchronous message for:" "https://www.cleanairfund.org"
console.warn: LoginRecipes: "getRecipes: falling back to a synchronous message for:" "https://www.cleanairfund.org"
console.warn: LoginRecipes: "getRecipes: falling back to a synchronous message for:" "https://www.cleanairfund.org"
console.warn: LoginRecipes: "getRecipes: falling back to a synchronous message for:" "https://www.cleanairfund.org"
console.warn: LoginRecipes: "getRecipes: falling back to a synchronous message for:" "https://www.google.com"
console.warn: LoginRecipes: "getRecipes: falling back to a synchronous message for:" "https://www.google.com"
JavaScript error: http://www.statssa.gov.za/?p=10356, line 319: SyntaxError: unexpected token: identifier
1647991713026	Marionette	INFO	Stopped listening on port 50491
JavaScript error: , line 0: TypeError: NetworkError when attempting to fetch resource.
JavaScript error: , line 0: TypeError: NetworkError when attempting to fetch resource.

###!!! [Child][PContentChild] Error: RunMessage(msgname=PHttpChannel::Msg_DeleteSelf) Channel closing: too late to send/recv, messages will be lost


###!!! [Child][PContentChild] Error: RunMessage(msgname=PHttpChannel::Msg_DeleteSelf) Channel closing: too late to send/recv, messages will be lost

JavaScript error: , line 0: TypeError: NetworkError when attempting to fetch resource.
JavaScript error: , line 0: TypeError: NetworkError when attempting to fetch resource.
JavaScript error: , line 0: TypeError: NetworkError when attempting to fetch resource.

###!!! [Child][PContentChild] Error: RunMessage(msgname=PContent::Msg_DestroyBrowsingContextGroup) Channel closing: too late to send/recv, messages will be lost


###!!! [Child][PContentChild] Error: RunMessage(msgname=PContent::Msg_DestroyBrowsingContextGroup) Channel closing: too late to send/recv, messages will be lost


###!!! [Parent][PCanvasManagerParent] Error: RunMessage(msgname=PWebGL::Msg_DispatchCommands) Channel error: cannot send/recv


###!!! [Parent][PCompositorManagerParent] Error: RunMessage(msgname=PAPZ::Msg___delete__) Channel error: cannot send/recv


###!!! [Parent][PImageBridgeParent] Error: RunMessage(msgname=PImageBridge::Msg_WillClose) Channel closing: too late to send/recv, messages will be lost

1648039928140	geckodriver	INFO	Listening on 127.0.0.1:49340
1648039928180	mozrunner::runner	INFO	Running command: "/Applications/Firefox.app/Contents/MacOS/firefox-bin" "--marionette" "--remote-debugging-port" "49341" "-foreground" "-no-remote" "-profile" "/var/folders/r3/fwypq2mn4f14x5qy_zqr6g340000gn/T/rust_mozprofile6yEhpU"
1648039929019	Marionette	INFO	Marionette enabled
console.warn: SearchSettings: "get: No settings file exists, new profile?" (new NotFoundError("Could not open the file at /var/folders/r3/fwypq2mn4f14x5qy_zqr6g340000gn/T/rust_mozprofile6yEhpU/search.json.mozlz4", (void 0)))
console.error: BackgroundUpdate: 
  _reasonsToNotScheduleUpdates: Failed to check for Maintenance Service Registry Key: [Exception... "Component returned failure code: 0x80004001 (NS_ERROR_NOT_IMPLEMENTED) [nsIUpdateProcessor.getServiceRegKeyExists]"  nsresult: "0x80004001 (NS_ERROR_NOT_IMPLEMENTED)"  location: "JS frame :: resource://gre/modules/BackgroundUpdate.jsm :: _reasonsToNotScheduleUpdates :: line 241"  data: no]
DevTools listening on ws://localhost:49341/devtools/browser/421ef58a-a303-41db-b078-7064b41bf862
1648039932801	Marionette	INFO	Listening on port 49346
1648039932870	RemoteAgent	WARN	TLS certificate errors will be ignored for this session
Exiting due to channel error.
Exiting due to channel error.
Exiting due to channel error.
1648040260650	geckodriver	INFO	Listening on 127.0.0.1:49470
1648040261184	mozrunner::runner	INFO	Running command: "/Applications/Firefox.app/Contents/MacOS/firefox-bin" "--marionette" "--remote-debugging-port" "49471" "-foreground" "-no-remote" "-profile" "/var/folders/r3/fwypq2mn4f14x5qy_zqr6g340000gn/T/rust_mozprofilepXEpad"
1648040261837	Marionette	INFO	Marionette enabled
console.warn: SearchSettings: "get: No settings file exists, new profile?" (new NotFoundError("Could not open the file at /var/folders/r3/fwypq2mn4f14x5qy_zqr6g340000gn/T/rust_mozprofilepXEpad/search.json.mozlz4", (void 0)))
console.error: BackgroundUpdate: 
  _reasonsToNotScheduleUpdates: Failed to check for Maintenance Service Registry Key: [Exception... "Component returned failure code: 0x80004001 (NS_ERROR_NOT_IMPLEMENTED) [nsIUpdateProcessor.getServiceRegKeyExists]"  nsresult: "0x80004001 (NS_ERROR_NOT_IMPLEMENTED)"  location: "JS frame :: resource://gre/modules/BackgroundUpdate.jsm :: _reasonsToNotScheduleUpdates :: line 241"  data: no]
DevTools listening on ws://localhost:49471/devtools/browser/46141b3d-d0a9-4d54-b57e-f6ba6617f38c
1648040263888	Marionette	INFO	Listening on port 49478
1648040263971	RemoteAgent	WARN	TLS certificate errors will be ignored for this session
1648040268180	Marionette	INFO	Stopped listening on port 49478
JavaScript error: resource://gre/modules/UrlClassifierListManager.jsm, line 691: TypeError: this.tablesData[table] is undefined

###!!! [Child][PContentChild] Error: RunMessage(msgname=PHttpChannel::Msg_DeleteSelf) Channel closing: too late to send/recv, messages will be lost


###!!! [Parent][PImageBridgeParent] Error: RunMessage(msgname=PImageBridge::Msg_WillClose) Channel closing: too late to send/recv, messages will be lost

1648045282994	geckodriver	INFO	Listening on 127.0.0.1:50164
1648045283049	mozrunner::runner	INFO	Running command: "/Applications/Firefox.app/Contents/MacOS/firefox-bin" "--marionette" "--remote-debugging-port" "50165" "-foreground" "-no-remote" "-profile" "/var/folders/r3/fwypq2mn4f14x5qy_zqr6g340000gn/T/rust_mozprofileLdiV61"
1648045283747	Marionette	INFO	Marionette enabled
console.warn: SearchSettings: "get: No settings file exists, new profile?" (new NotFoundError("Could not open the file at /var/folders/r3/fwypq2mn4f14x5qy_zqr6g340000gn/T/rust_mozprofileLdiV61/search.json.mozlz4", (void 0)))
console.error: BackgroundUpdate: 
  _reasonsToNotScheduleUpdates: Failed to check for Maintenance Service Registry Key: [Exception... "Component returned failure code: 0x80004001 (NS_ERROR_NOT_IMPLEMENTED) [nsIUpdateProcessor.getServiceRegKeyExists]"  nsresult: "0x80004001 (NS_ERROR_NOT_IMPLEMENTED)"  location: "JS frame :: resource://gre/modules/BackgroundUpdate.jsm :: _reasonsToNotScheduleUpdates :: line 241"  data: no]
DevTools listening on ws://localhost:50165/devtools/browser/0de4df44-e472-4f94-b47f-ff4f05ec105a
1648045286728	Marionette	INFO	Listening on port 50168
1648045286835	RemoteAgent	WARN	TLS certificate errors will be ignored for this session
1648045365572	geckodriver	INFO	Listening on 127.0.0.1:50282
1648045366103	mozrunner::runner	INFO	Running command: "/Applications/Firefox.app/Contents/MacOS/firefox-bin" "--marionette" "--remote-debugging-port" "50283" "-foreground" "-no-remote" "-profile" "/var/folders/r3/fwypq2mn4f14x5qy_zqr6g340000gn/T/rust_mozprofileWBUbK5"
1648045366803	Marionette	INFO	Marionette enabled
console.warn: SearchSettings: "get: No settings file exists, new profile?" (new NotFoundError("Could not open the file at /var/folders/r3/fwypq2mn4f14x5qy_zqr6g340000gn/T/rust_mozprofileWBUbK5/search.json.mozlz4", (void 0)))
console.error: BackgroundUpdate: 
  _reasonsToNotScheduleUpdates: Failed to check for Maintenance Service Registry Key: [Exception... "Component returned failure code: 0x80004001 (NS_ERROR_NOT_IMPLEMENTED) [nsIUpdateProcessor.getServiceRegKeyExists]"  nsresult: "0x80004001 (NS_ERROR_NOT_IMPLEMENTED)"  location: "JS frame :: resource://gre/modules/BackgroundUpdate.jsm :: _reasonsToNotScheduleUpdates :: line 241"  data: no]
DevTools listening on ws://localhost:50283/devtools/browser/3e73a077-4674-4b1b-bdce-cbbaad7715e6
1648045370091	Marionette	INFO	Listening on port 50288
1648045370264	RemoteAgent	WARN	TLS certificate errors will be ignored for this session

###!!! [Child][PContentChild] Error: RunMessage(msgname=PHttpChannel::Msg_DeleteSelf) Channel closing: too late to send/recv, messages will be lost


###!!! [Child][PContentChild] Error: RunMessage(msgname=PHttpChannel::Msg_DeleteSelf) Channel closing: too late to send/recv, messages will be lost

1648051354976	Marionette	INFO	Stopped listening on port 50168
console.warn: TopSitesFeed: Failed to fetch data from Contile server: NetworkError when attempting to fetch resource.

###!!! [Parent][PImageBridgeParent] Error: RunMessage(msgname=PImageBridge::Msg_WillClose) Channel closing: too late to send/recv, messages will be lost

1648051356068	Marionette	INFO	Stopped listening on port 50288
console.warn: TopSitesFeed: Failed to fetch data from Contile server: NetworkError when attempting to fetch resource.

###!!! [Parent][PImageBridgeParent] Error: RunMessage(msgname=PImageBridge::Msg_WillClose) Channel closing: too late to send/recv, messages will be lost

1648072360229	geckodriver	INFO	Listening on 127.0.0.1:49699
1648072360737	mozrunner::runner	INFO	Running command: "/Applications/Firefox.app/Contents/MacOS/firefox-bin" "--marionette" "--remote-debugging-port" "49700" "-foreground" "-no-remote" "-profile" "/var/folders/r3/fwypq2mn4f14x5qy_zqr6g340000gn/T/rust_mozprofileKNESS8"
1648072361461	Marionette	INFO	Marionette enabled
console.warn: SearchSettings: "get: No settings file exists, new profile?" (new NotFoundError("Could not open the file at /var/folders/r3/fwypq2mn4f14x5qy_zqr6g340000gn/T/rust_mozprofileKNESS8/search.json.mozlz4", (void 0)))
console.error: BackgroundUpdate: 
  _reasonsToNotScheduleUpdates: Failed to check for Maintenance Service Registry Key: [Exception... "Component returned failure code: 0x80004001 (NS_ERROR_NOT_IMPLEMENTED) [nsIUpdateProcessor.getServiceRegKeyExists]"  nsresult: "0x80004001 (NS_ERROR_NOT_IMPLEMENTED)"  location: "JS frame :: resource://gre/modules/BackgroundUpdate.jsm :: _reasonsToNotScheduleUpdates :: line 241"  data: no]
DevTools listening on ws://localhost:49700/devtools/browser/99bf7d85-81e7-4026-8742-efc4f5ae4a23
1648072364017	Marionette	INFO	Listening on port 49707
1648072364075	RemoteAgent	WARN	TLS certificate errors will be ignored for this session
1648072961796	geckodriver	INFO	Listening on 127.0.0.1:49847
1648072962360	mozrunner::runner	INFO	Running command: "/Applications/Firefox.app/Contents/MacOS/firefox-bin" "--marionette" "--remote-debugging-port" "49848" "-foreground" "-no-remote" "-profile" "/var/folders/r3/fwypq2mn4f14x5qy_zqr6g340000gn/T/rust_mozprofileW2CXcO"
1648072963368	Marionette	INFO	Marionette enabled
console.warn: SearchSettings: "get: No settings file exists, new profile?" (new NotFoundError("Could not open the file at /var/folders/r3/fwypq2mn4f14x5qy_zqr6g340000gn/T/rust_mozprofileW2CXcO/search.json.mozlz4", (void 0)))
console.error: BackgroundUpdate: 
  _reasonsToNotScheduleUpdates: Failed to check for Maintenance Service Registry Key: [Exception... "Component returned failure code: 0x80004001 (NS_ERROR_NOT_IMPLEMENTED) [nsIUpdateProcessor.getServiceRegKeyExists]"  nsresult: "0x80004001 (NS_ERROR_NOT_IMPLEMENTED)"  location: "JS frame :: resource://gre/modules/BackgroundUpdate.jsm :: _reasonsToNotScheduleUpdates :: line 241"  data: no]
DevTools listening on ws://localhost:49848/devtools/browser/52907c4b-b8c4-490f-8076-79be84958556
1648072966590	Marionette	INFO	Listening on port 49855
1648072966720	RemoteAgent	WARN	TLS certificate errors will be ignored for this session
[Child 1748, MediaDecoderStateMachine #1] WARNING: 116e23310 Could not set cubeb stream name.: file /builds/worker/checkouts/gecko/dom/media/AudioStream.cpp:330

###!!! [Child][PContentChild] Error: RunMessage(msgname=PHttpChannel::Msg_DeleteSelf) Channel closing: too late to send/recv, messages will be lost

1648082056117	Marionette	INFO	Stopped listening on port 49855
console.warn: TopSitesFeed: Failed to fetch data from Contile server: NetworkError when attempting to fetch resource.
1648082056705	Marionette	INFO	Stopped listening on port 49707
console.warn: TopSitesFeed: Failed to fetch data from Contile server: NetworkError when attempting to fetch resource.

###!!! [Parent][PImageBridgeParent] Error: RunMessage(msgname=PImageBridge::Msg_WillClose) Channel closing: too late to send/recv, messages will be lost

1648199654892	geckodriver	INFO	Listening on 127.0.0.1:49242
1648199655399	mozrunner::runner	INFO	Running command: "/Applications/Firefox.app/Contents/MacOS/firefox-bin" "--marionette" "--remote-debugging-port" "49243" "-foreground" "-no-remote" "-profile" "/var/folders/r3/fwypq2mn4f14x5qy_zqr6g340000gn/T/rust_mozprofileRDu9vS"
DevTools listening on ws://localhost:49243/devtools/browser/8b0f1ac5-0ece-4d34-b6aa-8f6a944dc3e3
1648199764559	geckodriver	INFO	Listening on 127.0.0.1:49333
1648199765075	mozrunner::runner	INFO	Running command: "/Applications/Firefox.app/Contents/MacOS/firefox-bin" "--marionette" "--remote-debugging-port" "49334" "-foreground" "-no-remote" "-profile" "/var/folders/r3/fwypq2mn4f14x5qy_zqr6g340000gn/T/rust_mozprofileqfyZmC"
1648199765628	Marionette	INFO	Marionette enabled
console.warn: SearchSettings: "get: No settings file exists, new profile?" (new NotFoundError("Could not open the file at /var/folders/r3/fwypq2mn4f14x5qy_zqr6g340000gn/T/rust_mozprofileqfyZmC/search.json.mozlz4", (void 0)))
console.error: BackgroundUpdate: 
  _reasonsToNotScheduleUpdates: Failed to check for Maintenance Service Registry Key: [Exception... "Component returned failure code: 0x80004001 (NS_ERROR_NOT_IMPLEMENTED) [nsIUpdateProcessor.getServiceRegKeyExists]"  nsresult: "0x80004001 (NS_ERROR_NOT_IMPLEMENTED)"  location: "JS frame :: resource://gre/modules/BackgroundUpdate.jsm :: _reasonsToNotScheduleUpdates :: line 241"  data: no]
DevTools listening on ws://localhost:49334/devtools/browser/e871693b-71f4-420c-8cb2-b599f45d7e91
1648199767940	Marionette	INFO	Listening on port 49341
1648199767992	RemoteAgent	WARN	TLS certificate errors will be ignored for this session
2022-03-25 10:18:33.839 firefox-bin[1215:25403] TSM AdjustCapsLockLEDForKeyTransitionHandling - _ISSetPhysicalKeyboardCapsLockLED Inhibit
2022-03-25 10:22:29.166 firefox-bin[1190:24184] TSM AdjustCapsLockLEDForKeyTransitionHandling - _ISSetPhysicalKeyboardCapsLockLED Inhibit
2022-03-25 10:22:53.147 plugin-container[1293:28651] nil host used in call to allowsSpecificHTTPSCertificateForHost
2022-03-25 10:22:53.148 plugin-container[1293:28651] nil host used in call to allowsAnyHTTPSCertificateForHost:
2022-03-25 10:22:53.254 plugin-container[1293:28651] nil host used in call to allowsSpecificHTTPSCertificateForHost
2022-03-25 10:22:53.254 plugin-container[1293:28651] nil host used in call to allowsAnyHTTPSCertificateForHost:
2022-03-25 10:22:53.255 plugin-container[1293:28666] nil host used in call to allowsSpecificHTTPSCertificateForHost
2022-03-25 10:22:53.255 plugin-container[1293:28666] nil host used in call to allowsAnyHTTPSCertificateForHost:

###!!! [Parent][PContentParent] Error: Send(msgname=PContent::Msg_DestroyBrowsingContextGroup) Closed channel: cannot send/recv


###!!! [Child][PContentChild] Error: RunMessage(msgname=PContent::Reply_DiscardBrowsingContext) Channel closing: too late to send/recv, messages will be lost


###!!! [Child][PContentChild] Error: RunMessage(msgname=PContent::Reply_DiscardBrowsingContext) Channel closing: too late to send/recv, messages will be lost


###!!! [Child][PContentChild] Error: RunMessage(msgname=PContent::Reply_DiscardBrowsingContext) Channel closing: too late to send/recv, messages will be lost


###!!! [Child][PContentChild] Error: RunMessage(msgname=PContent::Reply_DiscardBrowsingContext) Channel closing: too late to send/recv, messages will be lost


###!!! [Child][PContentChild] Error: RunMessage(msgname=PContent::Reply_DiscardBrowsingContext) Channel closing: too late to send/recv, messages will be lost


###!!! [Child][PContentChild] Error: RunMessage(msgname=PContent::Reply_DiscardBrowsingContext) Channel closing: too late to send/recv, messages will be lost


###!!! [Child][PContentChild] Error: RunMessage(msgname=PContent::Msg_DiscardWindowContext) Channel closing: too late to send/recv, messages will be lost

